# JRE version: Java(TM) SE Runtime Environment (8.0_211-b12) (build 1.8.0_211-b12)
# Java VM: Java HotSpot(TM) 64-Bit Server VM (25.211-b12 mixed mode windows-amd64 compressed oops)
Heap:
 PSYoungGen      total 160256K, used 102299K [0x000000076ad80000, 0x0000000778380000, 0x00000007c0000000)
  eden space 148480K, 60% used [0x000000076ad80000,0x00000007705e8838,0x0000000773e80000)
  from space 11776K, 99% used [0x0000000774d80000,0x00000007758fe630,0x0000000775900000)
  to   space 15360K, 0% used [0x0000000773e80000,0x0000000773e80000,0x0000000774d80000)
 ParOldGen       total 102912K, used 22820K [0x00000006c0800000, 0x00000006c6c80000, 0x000000076ad80000)
  object space 102912K, 22% used [0x00000006c0800000,0x00000006c1e490f0,0x00000006c6c80000)
 Metaspace       used 50634K, capacity 53066K, committed 53248K, reserved 1095680K
  class space    used 7113K, capacity 7571K, committed 7680K, reserved 1048576K
GC Heap History (10 events):
Event: 2.368 GC heap before
{Heap before GC invocations=6 (full 1):
 PSYoungGen      total 104960K, used 104854K [0x000000076ad80000, 0x0000000773c00000, 0x00000007c0000000)
  eden space 100864K, 100% used [0x000000076ad80000,0x0000000771000000,0x0000000771000000)
  from space 4096K, 97% used [0x0000000773800000,0x0000000773be5998,0x0000000773c00000)
  to   space 10752K, 0% used [0x0000000772700000,0x0000000772700000,0x0000000773180000)
 ParOldGen       total 102912K, used 8608K [0x00000006c0800000, 0x00000006c6c80000, 0x000000076ad80000)
  object space 102912K, 8% used [0x00000006c0800000,0x00000006c10681c0,0x00000006c6c80000)
 Metaspace       used 25611K, capacity 26786K, committed 27136K, reserved 1073152K
  class space    used 3540K, capacity 3793K, committed 3840K, reserved 1048576K
Event: 2.376 GC heap after
Heap after GC invocations=6 (full 1):
 PSYoungGen      total 135168K, used 8847K [0x000000076ad80000, 0x0000000775900000, 0x00000007c0000000)
  eden space 124416K, 0% used [0x000000076ad80000,0x000000076ad80000,0x0000000772700000)
  from space 10752K, 82% used [0x0000000772700000,0x0000000772fa3d58,0x0000000773180000)
  to   space 11776K, 0% used [0x0000000774d80000,0x0000000774d80000,0x0000000775900000)
 ParOldGen       total 102912K, used 8616K [0x00000006c0800000, 0x00000006c6c80000, 0x000000076ad80000)
  object space 102912K, 8% used [0x00000006c0800000,0x00000006c106a1c0,0x00000006c6c80000)
 Metaspace       used 25611K, capacity 26786K, committed 27136K, reserved 1073152K
  class space    used 3540K, capacity 3793K, committed 3840K, reserved 1048576K
}
Event: 3.011 GC heap before
{Heap before GC invocations=7 (full 1):
 PSYoungGen      total 135168K, used 133263K [0x000000076ad80000, 0x0000000775900000, 0x00000007c0000000)
  eden space 124416K, 100% used [0x000000076ad80000,0x0000000772700000,0x0000000772700000)
  from space 10752K, 82% used [0x0000000772700000,0x0000000772fa3d58,0x0000000773180000)
  to   space 11776K, 0% used [0x0000000774d80000,0x0000000774d80000,0x0000000775900000)
 ParOldGen       total 102912K, used 8616K [0x00000006c0800000, 0x00000006c6c80000, 0x000000076ad80000)
  object space 102912K, 8% used [0x00000006c0800000,0x00000006c106a1c0,0x00000006c6c80000)
 Metaspace       used 30045K, capacity 31688K, committed 31872K, reserved 1077248K
  class space    used 4114K, capacity 4460K, committed 4480K, reserved 1048576K
Event: 3.025 GC heap after
Heap after GC invocations=7 (full 1):
 PSYoungGen      total 160256K, used 11751K [0x000000076ad80000, 0x0000000778380000, 0x00000007c0000000)
  eden space 148480K, 0% used [0x000000076ad80000,0x000000076ad80000,0x0000000773e80000)
  from space 11776K, 99% used [0x0000000774d80000,0x00000007758f9c90,0x0000000775900000)
  to   space 15360K, 0% used [0x0000000773e80000,0x0000000773e80000,0x0000000774d80000)
 ParOldGen       total 102912K, used 11748K [0x00000006c0800000, 0x00000006c6c80000, 0x000000076ad80000)
  object space 102912K, 11% used [0x00000006c0800000,0x00000006c1379250,0x00000006c6c80000)
 Metaspace       used 30045K, capacity 31688K, committed 31872K, reserved 1077248K
  class space    used 4114K, capacity 4460K, committed 4480K, reserved 1048576K
}
Event: 3.404 GC heap before
{Heap before GC invocations=8 (full 1):
 PSYoungGen      total 160256K, used 84453K [0x000000076ad80000, 0x0000000778380000, 0x00000007c0000000)
  eden space 148480K, 48% used [0x000000076ad80000,0x000000076f47fb18,0x0000000773e80000)
  from space 11776K, 99% used [0x0000000774d80000,0x00000007758f9c90,0x0000000775900000)
  to   space 15360K, 0% used [0x0000000773e80000,0x0000000773e80000,0x0000000774d80000)
 ParOldGen       total 102912K, used 11748K [0x00000006c0800000, 0x00000006c6c80000, 0x000000076ad80000)
  object space 102912K, 11% used [0x00000006c0800000,0x00000006c1379250,0x00000006c6c80000)
 Metaspace       used 33659K, capacity 35332K, committed 35416K, reserved 1079296K
  class space    used 4484K, capacity 4810K, committed 4864K, reserved 1048576K
Event: 3.422 GC heap after
Heap after GC invocations=8 (full 1):
 PSYoungGen      total 163840K, used 15338K [0x000000076ad80000, 0x0000000778380000, 0x00000007c0000000)
  eden space 148480K, 0% used [0x000000076ad80000,0x000000076ad80000,0x0000000773e80000)
  from space 15360K, 99% used [0x0000000773e80000,0x0000000774d7aaf0,0x0000000774d80000)
  to   space 11776K, 0% used [0x0000000774d80000,0x0000000774d80000,0x0000000775900000)
 ParOldGen       total 102912K, used 11933K [0x00000006c0800000, 0x00000006c6c80000, 0x000000076ad80000)
  object space 102912K, 11% used [0x00000006c0800000,0x00000006c13a7670,0x00000006c6c80000)
 Metaspace       used 33659K, capacity 35332K, committed 35416K, reserved 1079296K
  class space    used 4484K, capacity 4810K, committed 4864K, reserved 1048576K
}
Event: 3.422 GC heap before
{Heap before GC invocations=9 (full 2):
 PSYoungGen      total 163840K, used 15338K [0x000000076ad80000, 0x0000000778380000, 0x00000007c0000000)
  eden space 148480K, 0% used [0x000000076ad80000,0x000000076ad80000,0x0000000773e80000)
  from space 15360K, 99% used [0x0000000773e80000,0x0000000774d7aaf0,0x0000000774d80000)
  to   space 11776K, 0% used [0x0000000774d80000,0x0000000774d80000,0x0000000775900000)
 ParOldGen       total 102912K, used 11933K [0x00000006c0800000, 0x00000006c6c80000, 0x000000076ad80000)
  object space 102912K, 11% used [0x00000006c0800000,0x00000006c13a7670,0x00000006c6c80000)
 Metaspace       used 33659K, capacity 35332K, committed 35416K, reserved 1079296K
  class space    used 4484K, capacity 4810K, committed 4864K, reserved 1048576K
Event: 3.481 GC heap after
Heap after GC invocations=9 (full 2):
 PSYoungGen      total 163840K, used 0K [0x000000076ad80000, 0x0000000778380000, 0x00000007c0000000)
  eden space 148480K, 0% used [0x000000076ad80000,0x000000076ad80000,0x0000000773e80000)
  from space 15360K, 0% used [0x0000000773e80000,0x0000000773e80000,0x0000000774d80000)
  to   space 11776K, 0% used [0x0000000774d80000,0x0000000774d80000,0x0000000775900000)
 ParOldGen       total 102912K, used 20300K [0x00000006c0800000, 0x00000006c6c80000, 0x000000076ad80000)
  object space 102912K, 19% used [0x00000006c0800000,0x00000006c1bd31b8,0x00000006c6c80000)
 Metaspace       used 33659K, capacity 35332K, committed 35416K, reserved 1079296K
  class space    used 4484K, capacity 4810K, committed 4864K, reserved 1048576K
}
Event: 4.644 GC heap before
{Heap before GC invocations=10 (full 2):
 PSYoungGen      total 163840K, used 148480K [0x000000076ad80000, 0x0000000778380000, 0x00000007c0000000)
  eden space 148480K, 100% used [0x000000076ad80000,0x0000000773e80000,0x0000000773e80000)
  from space 15360K, 0% used [0x0000000773e80000,0x0000000773e80000,0x0000000774d80000)
  to   space 11776K, 0% used [0x0000000774d80000,0x0000000774d80000,0x0000000775900000)
 ParOldGen       total 102912K, used 20300K [0x00000006c0800000, 0x00000006c6c80000, 0x000000076ad80000)
  object space 102912K, 19% used [0x00000006c0800000,0x00000006c1bd31b8,0x00000006c6c80000)
 Metaspace       used 45672K, capacity 47522K, committed 47744K, reserved 1089536K
  class space    used 6371K, capacity 6731K, committed 6784K, reserved 1048576K
Event: 4.654 GC heap after
Heap after GC invocations=10 (full 2):
 PSYoungGen      total 160256K, used 11769K [0x000000076ad80000, 0x0000000778380000, 0x00000007c0000000)
  eden space 148480K, 0% used [0x000000076ad80000,0x000000076ad80000,0x0000000773e80000)
  from space 11776K, 99% used [0x0000000774d80000,0x00000007758fe630,0x0000000775900000)
  to   space 15360K, 0% used [0x0000000773e80000,0x0000000773e80000,0x0000000774d80000)
 ParOldGen       total 102912K, used 22820K [0x00000006c0800000, 0x00000006c6c80000, 0x000000076ad80000)
  object space 102912K, 22% used [0x00000006c0800000,0x00000006c1e490f0,0x00000006c6c80000)
 Metaspace       used 45672K, capacity 47522K, committed 47744K, reserved 1089536K
  class space    used 6371K, capacity 6731K, committed 6784K, reserved 1048576K
}

